2015/07/12 13:21:52 [error] [exception.CException] exception 'CException' with message 'Property "CDbCriteria.:username" is not defined.' in E:\server\domains\yii-e-books\framework\base\CComponent.php:173
Stack trace:
#0 E:\server\domains\yii-e-books\framework\db\schema\CDbCriteria.php(160): CComponent->__set(':username', 'ksenia')
#1 E:\server\domains\yii-e-books\framework\db\schema\CDbCommandBuilder.php(588): CDbCriteria->__construct(Array)
#2 E:\server\domains\yii-e-books\framework\db\schema\CDbCommandBuilder.php(664): CDbCommandBuilder->createCriteria(Array, Array)
#3 E:\server\domains\yii-e-books\framework\db\ar\CActiveRecord.php(1523): CDbCommandBuilder->createColumnCriteria(Object(CMysqlTableSchema), 'username=:usern...', Array, Array, '`t`.')
#4 E:\server\domains\yii-e-books\protected\components\UserIdentity.php(23): CActiveRecord->findByAttributes('username=:usern...', Array)
#5 E:\server\domains\yii-e-books\protected\models\LoginForm.php(52): UserIdentity->authenticate()
#6 E:\server\domains\yii-e-books\framework\validators\CInlineValidator.php(42): LoginForm->authenticate('password', Array)
#7 E:\server\domains\yii-e-books\framework\validators\CValidator.php(201): CInlineValidator->validateAttribute(Object(LoginForm), 'password')
#8 E:\server\domains\yii-e-books\framework\base\CModel.php(159): CValidator->validate(Object(LoginForm), NULL)
#9 E:\server\domains\yii-e-books\protected\controllers\SiteController.php(94): CModel->validate()
#10 E:\server\domains\yii-e-books\framework\web\actions\CInlineAction.php(49): SiteController->actionLogin()
#11 E:\server\domains\yii-e-books\framework\web\CController.php(308): CInlineAction->runWithParams(Array)
#12 E:\server\domains\yii-e-books\framework\web\CController.php(286): CController->runAction(Object(CInlineAction))
#13 E:\server\domains\yii-e-books\framework\web\CController.php(265): CController->runActionWithFilters(Object(CInlineAction), Array)
#14 E:\server\domains\yii-e-books\framework\web\CWebApplication.php(282): CController->run('login')
#15 E:\server\domains\yii-e-books\framework\web\CWebApplication.php(141): CWebApplication->runController('site/login')
#16 E:\server\domains\yii-e-books\framework\base\CApplication.php(184): CWebApplication->processRequest()
#17 E:\server\domains\yii-e-books\index.php(13): CApplication->run()
#18 {main}
REQUEST_URI=/index.php/site/login
HTTP_REFERER=http://yii-e-books/index.php/site/login
---
2015/07/12 13:42:18 [error] [exception.CException] exception 'CException' with message 'Property "CDbCriteria.:username" is not defined.' in E:\server\domains\yii-e-books\framework\base\CComponent.php:173
Stack trace:
#0 E:\server\domains\yii-e-books\framework\db\schema\CDbCriteria.php(160): CComponent->__set(':username', 'ksenia')
#1 E:\server\domains\yii-e-books\framework\db\schema\CDbCommandBuilder.php(588): CDbCriteria->__construct(Array)
#2 E:\server\domains\yii-e-books\framework\db\schema\CDbCommandBuilder.php(664): CDbCommandBuilder->createCriteria(Array, Array)
#3 E:\server\domains\yii-e-books\framework\db\ar\CActiveRecord.php(1523): CDbCommandBuilder->createColumnCriteria(Object(CMysqlTableSchema), 'username=:usern...', Array, Array, '`t`.')
#4 E:\server\domains\yii-e-books\protected\components\UserIdentity.php(24): CActiveRecord->findByAttributes('username=:usern...', Array)
#5 E:\server\domains\yii-e-books\protected\models\LoginForm.php(52): UserIdentity->authenticate()
#6 E:\server\domains\yii-e-books\framework\validators\CInlineValidator.php(42): LoginForm->authenticate('password', Array)
#7 E:\server\domains\yii-e-books\framework\validators\CValidator.php(201): CInlineValidator->validateAttribute(Object(LoginForm), 'password')
#8 E:\server\domains\yii-e-books\framework\base\CModel.php(159): CValidator->validate(Object(LoginForm), NULL)
#9 E:\server\domains\yii-e-books\protected\controllers\SiteController.php(94): CModel->validate()
#10 E:\server\domains\yii-e-books\framework\web\actions\CInlineAction.php(49): SiteController->actionLogin()
#11 E:\server\domains\yii-e-books\framework\web\CController.php(308): CInlineAction->runWithParams(Array)
#12 E:\server\domains\yii-e-books\framework\web\CController.php(286): CController->runAction(Object(CInlineAction))
#13 E:\server\domains\yii-e-books\framework\web\CController.php(265): CController->runActionWithFilters(Object(CInlineAction), Array)
#14 E:\server\domains\yii-e-books\framework\web\CWebApplication.php(282): CController->run('login')
#15 E:\server\domains\yii-e-books\framework\web\CWebApplication.php(141): CWebApplication->runController('site/login')
#16 E:\server\domains\yii-e-books\framework\base\CApplication.php(184): CWebApplication->processRequest()
#17 E:\server\domains\yii-e-books\index.php(13): CApplication->run()
#18 {main}
REQUEST_URI=/index.php/site/login
HTTP_REFERER=http://yii-e-books/index.php/site/login
---
2015/07/12 13:44:01 [error] [exception.CException] exception 'CException' with message 'Property "UserIdentity.id" is read only.' in E:\server\domains\yii-e-books\framework\base\CComponent.php:170
Stack trace:
#0 E:\server\domains\yii-e-books\protected\components\UserIdentity.php(25): CComponent->__set('id', '6')
#1 E:\server\domains\yii-e-books\protected\models\LoginForm.php(52): UserIdentity->authenticate()
#2 E:\server\domains\yii-e-books\framework\validators\CInlineValidator.php(42): LoginForm->authenticate('password', Array)
#3 E:\server\domains\yii-e-books\framework\validators\CValidator.php(201): CInlineValidator->validateAttribute(Object(LoginForm), 'password')
#4 E:\server\domains\yii-e-books\framework\base\CModel.php(159): CValidator->validate(Object(LoginForm), NULL)
#5 E:\server\domains\yii-e-books\protected\controllers\SiteController.php(94): CModel->validate()
#6 E:\server\domains\yii-e-books\framework\web\actions\CInlineAction.php(49): SiteController->actionLogin()
#7 E:\server\domains\yii-e-books\framework\web\CController.php(308): CInlineAction->runWithParams(Array)
#8 E:\server\domains\yii-e-books\framework\web\CController.php(286): CController->runAction(Object(CInlineAction))
#9 E:\server\domains\yii-e-books\framework\web\CController.php(265): CController->runActionWithFilters(Object(CInlineAction), Array)
#10 E:\server\domains\yii-e-books\framework\web\CWebApplication.php(282): CController->run('login')
#11 E:\server\domains\yii-e-books\framework\web\CWebApplication.php(141): CWebApplication->runController('site/login')
#12 E:\server\domains\yii-e-books\framework\base\CApplication.php(184): CWebApplication->processRequest()
#13 E:\server\domains\yii-e-books\index.php(13): CApplication->run()
#14 {main}
REQUEST_URI=/index.php/site/login
HTTP_REFERER=http://yii-e-books/index.php/site/login
---
2015/07/12 13:45:00 [error] [exception.CException] exception 'CException' with message 'Property "UserIdentity.id" is read only.' in E:\server\domains\yii-e-books\framework\base\CComponent.php:170
Stack trace:
#0 E:\server\domains\yii-e-books\protected\components\UserIdentity.php(25): CComponent->__set('id', '6')
#1 E:\server\domains\yii-e-books\protected\models\LoginForm.php(52): UserIdentity->authenticate()
#2 E:\server\domains\yii-e-books\framework\validators\CInlineValidator.php(42): LoginForm->authenticate('password', Array)
#3 E:\server\domains\yii-e-books\framework\validators\CValidator.php(201): CInlineValidator->validateAttribute(Object(LoginForm), 'password')
#4 E:\server\domains\yii-e-books\framework\base\CModel.php(159): CValidator->validate(Object(LoginForm), NULL)
#5 E:\server\domains\yii-e-books\protected\controllers\SiteController.php(94): CModel->validate()
#6 E:\server\domains\yii-e-books\framework\web\actions\CInlineAction.php(49): SiteController->actionLogin()
#7 E:\server\domains\yii-e-books\framework\web\CController.php(308): CInlineAction->runWithParams(Array)
#8 E:\server\domains\yii-e-books\framework\web\CController.php(286): CController->runAction(Object(CInlineAction))
#9 E:\server\domains\yii-e-books\framework\web\CController.php(265): CController->runActionWithFilters(Object(CInlineAction), Array)
#10 E:\server\domains\yii-e-books\framework\web\CWebApplication.php(282): CController->run('login')
#11 E:\server\domains\yii-e-books\framework\web\CWebApplication.php(141): CWebApplication->runController('site/login')
#12 E:\server\domains\yii-e-books\framework\base\CApplication.php(184): CWebApplication->processRequest()
#13 E:\server\domains\yii-e-books\index.php(13): CApplication->run()
#14 {main}
REQUEST_URI=/index.php/site/login
HTTP_REFERER=http://yii-e-books/index.php/site/login
---
2015/07/12 13:45:38 [error] [exception.CException] exception 'CException' with message 'Property "CDbCriteria.:user_id" is not defined.' in E:\server\domains\yii-e-books\framework\base\CComponent.php:173
Stack trace:
#0 E:\server\domains\yii-e-books\framework\db\schema\CDbCriteria.php(160): CComponent->__set(':user_id', NULL)
#1 E:\server\domains\yii-e-books\framework\db\schema\CDbCommandBuilder.php(588): CDbCriteria->__construct(Array)
#2 E:\server\domains\yii-e-books\framework\db\schema\CDbCommandBuilder.php(664): CDbCommandBuilder->createCriteria(Array, Array)
#3 E:\server\domains\yii-e-books\framework\db\ar\CActiveRecord.php(1540): CDbCommandBuilder->createColumnCriteria(Object(CMysqlTableSchema), 'user_id=:user_i...', Array, Array, '`t`.')
#4 E:\server\domains\yii-e-books\protected\controllers\CourseController.php(128): CActiveRecord->findAllByAttributes('user_id=:user_i...', Array)
#5 E:\server\domains\yii-e-books\framework\web\actions\CInlineAction.php(49): CourseController->actionIndex()
#6 E:\server\domains\yii-e-books\framework\web\CController.php(308): CInlineAction->runWithParams(Array)
#7 E:\server\domains\yii-e-books\framework\web\filters\CFilterChain.php(133): CController->runAction(Object(CInlineAction))
#8 E:\server\domains\yii-e-books\framework\web\filters\CFilter.php(40): CFilterChain->run()
#9 E:\server\domains\yii-e-books\framework\web\CController.php(1145): CFilter->filter(Object(CFilterChain))
#10 E:\server\domains\yii-e-books\framework\web\filters\CInlineFilter.php(58): CController->filterAccessControl(Object(CFilterChain))
#11 E:\server\domains\yii-e-books\framework\web\filters\CFilterChain.php(130): CInlineFilter->filter(Object(CFilterChain))
#12 E:\server\domains\yii-e-books\framework\web\CController.php(291): CFilterChain->run()
#13 E:\server\domains\yii-e-books\framework\web\CController.php(265): CController->runActionWithFilters(Object(CInlineAction), Array)
#14 E:\server\domains\yii-e-books\framework\web\CWebApplication.php(282): CController->run('')
#15 E:\server\domains\yii-e-books\framework\web\CWebApplication.php(141): CWebApplication->runController('course')
#16 E:\server\domains\yii-e-books\framework\base\CApplication.php(184): CWebApplication->processRequest()
#17 E:\server\domains\yii-e-books\index.php(13): CApplication->run()
#18 {main}
REQUEST_URI=/index.php/course
---
2015/07/12 13:48:20 [error] [exception.CException] exception 'CException' with message 'Property "UserIdentity.id" is read only.' in E:\server\domains\yii-e-books\framework\base\CComponent.php:170
Stack trace:
#0 E:\server\domains\yii-e-books\protected\components\UserIdentity.php(27): CComponent->__set('id', '6')
#1 E:\server\domains\yii-e-books\protected\models\LoginForm.php(52): UserIdentity->authenticate()
#2 E:\server\domains\yii-e-books\framework\validators\CInlineValidator.php(42): LoginForm->authenticate('password', Array)
#3 E:\server\domains\yii-e-books\framework\validators\CValidator.php(201): CInlineValidator->validateAttribute(Object(LoginForm), 'password')
#4 E:\server\domains\yii-e-books\framework\base\CModel.php(159): CValidator->validate(Object(LoginForm), NULL)
#5 E:\server\domains\yii-e-books\protected\controllers\SiteController.php(94): CModel->validate()
#6 E:\server\domains\yii-e-books\framework\web\actions\CInlineAction.php(49): SiteController->actionLogin()
#7 E:\server\domains\yii-e-books\framework\web\CController.php(308): CInlineAction->runWithParams(Array)
#8 E:\server\domains\yii-e-books\framework\web\CController.php(286): CController->runAction(Object(CInlineAction))
#9 E:\server\domains\yii-e-books\framework\web\CController.php(265): CController->runActionWithFilters(Object(CInlineAction), Array)
#10 E:\server\domains\yii-e-books\framework\web\CWebApplication.php(282): CController->run('login')
#11 E:\server\domains\yii-e-books\framework\web\CWebApplication.php(141): CWebApplication->runController('site/login')
#12 E:\server\domains\yii-e-books\framework\base\CApplication.php(184): CWebApplication->processRequest()
#13 E:\server\domains\yii-e-books\index.php(13): CApplication->run()
#14 {main}
REQUEST_URI=/index.php/site/login
HTTP_REFERER=http://yii-e-books/index.php/site/login
---
2015/07/12 13:50:51 [error] [exception.CException] exception 'CException' with message 'Property "CDbCriteria.:user_id" is not defined.' in E:\server\domains\yii-e-books\framework\base\CComponent.php:173
Stack trace:
#0 E:\server\domains\yii-e-books\framework\db\schema\CDbCriteria.php(160): CComponent->__set(':user_id', '6')
#1 E:\server\domains\yii-e-books\framework\db\schema\CDbCommandBuilder.php(588): CDbCriteria->__construct(Array)
#2 E:\server\domains\yii-e-books\framework\db\schema\CDbCommandBuilder.php(664): CDbCommandBuilder->createCriteria(Array, Array)
#3 E:\server\domains\yii-e-books\framework\db\ar\CActiveRecord.php(1540): CDbCommandBuilder->createColumnCriteria(Object(CMysqlTableSchema), 'user_id=:user_i...', Array, Array, '`t`.')
#4 E:\server\domains\yii-e-books\protected\controllers\CourseController.php(127): CActiveRecord->findAllByAttributes('user_id=:user_i...', Array)
#5 E:\server\domains\yii-e-books\framework\web\actions\CInlineAction.php(49): CourseController->actionIndex()
#6 E:\server\domains\yii-e-books\framework\web\CController.php(308): CInlineAction->runWithParams(Array)
#7 E:\server\domains\yii-e-books\framework\web\filters\CFilterChain.php(133): CController->runAction(Object(CInlineAction))
#8 E:\server\domains\yii-e-books\framework\web\filters\CFilter.php(40): CFilterChain->run()
#9 E:\server\domains\yii-e-books\framework\web\CController.php(1145): CFilter->filter(Object(CFilterChain))
#10 E:\server\domains\yii-e-books\framework\web\filters\CInlineFilter.php(58): CController->filterAccessControl(Object(CFilterChain))
#11 E:\server\domains\yii-e-books\framework\web\filters\CFilterChain.php(130): CInlineFilter->filter(Object(CFilterChain))
#12 E:\server\domains\yii-e-books\framework\web\CController.php(291): CFilterChain->run()
#13 E:\server\domains\yii-e-books\framework\web\CController.php(265): CController->runActionWithFilters(Object(CInlineAction), Array)
#14 E:\server\domains\yii-e-books\framework\web\CWebApplication.php(282): CController->run('')
#15 E:\server\domains\yii-e-books\framework\web\CWebApplication.php(141): CWebApplication->runController('course')
#16 E:\server\domains\yii-e-books\framework\base\CApplication.php(184): CWebApplication->processRequest()
#17 E:\server\domains\yii-e-books\index.php(13): CApplication->run()
#18 {main}
REQUEST_URI=/index.php/course
---
2015/07/12 14:03:49 [error] [exception.CException] exception 'CException' with message 'The property "itemView" cannot be empty.' in E:\server\domains\yii-e-books\framework\zii\widgets\CListView.php:210
Stack trace:
#0 E:\server\domains\yii-e-books\framework\web\CBaseController.php(147): CListView->init()
#1 E:\server\domains\yii-e-books\framework\web\CBaseController.php(180): CBaseController->createWidget('zii.widgets.CLi...', Array)
#2 E:\server\domains\yii-e-books\protected\views\course\index.php(26): CBaseController->widget('zii.widgets.CLi...', Array)
#3 E:\server\domains\yii-e-books\framework\web\CBaseController.php(126): require('E:\server\domai...')
#4 E:\server\domains\yii-e-books\framework\web\CBaseController.php(95): CBaseController->renderInternal('E:\server\domai...', Array, true)
#5 E:\server\domains\yii-e-books\framework\web\CController.php(869): CBaseController->renderFile('E:\server\domai...', Array, true)
#6 E:\server\domains\yii-e-books\framework\web\CController.php(782): CController->renderPartial('index', Array, true)
#7 E:\server\domains\yii-e-books\protected\controllers\CourseController.php(134): CController->render('index', Array)
#8 E:\server\domains\yii-e-books\framework\web\actions\CInlineAction.php(49): CourseController->actionIndex()
#9 E:\server\domains\yii-e-books\framework\web\CController.php(308): CInlineAction->runWithParams(Array)
#10 E:\server\domains\yii-e-books\framework\web\filters\CFilterChain.php(133): CController->runAction(Object(CInlineAction))
#11 E:\server\domains\yii-e-books\framework\web\filters\CFilter.php(40): CFilterChain->run()
#12 E:\server\domains\yii-e-books\framework\web\CController.php(1145): CFilter->filter(Object(CFilterChain))
#13 E:\server\domains\yii-e-books\framework\web\filters\CInlineFilter.php(58): CController->filterAccessControl(Object(CFilterChain))
#14 E:\server\domains\yii-e-books\framework\web\filters\CFilterChain.php(130): CInlineFilter->filter(Object(CFilterChain))
#15 E:\server\domains\yii-e-books\framework\web\CController.php(291): CFilterChain->run()
#16 E:\server\domains\yii-e-books\framework\web\CController.php(265): CController->runActionWithFilters(Object(CInlineAction), Array)
#17 E:\server\domains\yii-e-books\framework\web\CWebApplication.php(282): CController->run('')
#18 E:\server\domains\yii-e-books\framework\web\CWebApplication.php(141): CWebApplication->runController('course')
#19 E:\server\domains\yii-e-books\framework\base\CApplication.php(184): CWebApplication->processRequest()
#20 E:\server\domains\yii-e-books\index.php(13): CApplication->run()
#21 {main}
REQUEST_URI=/index.php/course
---
2015/07/12 14:22:46 [warning] [application] Failed to set unsafe attribute "org" of "Course".
in E:\server\domains\yii-e-books\protected\controllers\CourseController.php (98)
in E:\server\domains\yii-e-books\index.php (13)
2015/07/12 14:22:46 [warning] [application] Failed to set unsafe attribute "source" of "Course".
in E:\server\domains\yii-e-books\protected\controllers\CourseController.php (98)
in E:\server\domains\yii-e-books\index.php (13)
2015/07/12 14:22:46 [warning] [application] Failed to set unsafe attribute "description" of "Course".
in E:\server\domains\yii-e-books\protected\controllers\CourseController.php (98)
in E:\server\domains\yii-e-books\index.php (13)
2015/07/12 14:23:02 [warning] [application] Failed to set unsafe attribute "org" of "Course".
in E:\server\domains\yii-e-books\protected\controllers\CourseController.php (98)
in E:\server\domains\yii-e-books\index.php (13)
2015/07/12 14:23:02 [warning] [application] Failed to set unsafe attribute "source" of "Course".
in E:\server\domains\yii-e-books\protected\controllers\CourseController.php (98)
in E:\server\domains\yii-e-books\index.php (13)
2015/07/12 14:23:02 [warning] [application] Failed to set unsafe attribute "description" of "Course".
in E:\server\domains\yii-e-books\protected\controllers\CourseController.php (98)
in E:\server\domains\yii-e-books\index.php (13)
2015/07/12 14:28:00 [warning] [application] Failed to set unsafe attribute "org" of "Course".
in E:\server\domains\yii-e-books\protected\controllers\CourseController.php (97)
in E:\server\domains\yii-e-books\index.php (13)
2015/07/12 14:28:00 [warning] [application] Failed to set unsafe attribute "source" of "Course".
in E:\server\domains\yii-e-books\protected\controllers\CourseController.php (97)
in E:\server\domains\yii-e-books\index.php (13)
2015/07/12 14:28:00 [warning] [application] Failed to set unsafe attribute "description" of "Course".
in E:\server\domains\yii-e-books\protected\controllers\CourseController.php (97)
in E:\server\domains\yii-e-books\index.php (13)
2015/07/12 14:29:52 [warning] [application] Failed to set unsafe attribute "org" of "Course".
in E:\server\domains\yii-e-books\protected\controllers\CourseController.php (97)
in E:\server\domains\yii-e-books\index.php (13)
2015/07/12 14:29:52 [warning] [application] Failed to set unsafe attribute "source" of "Course".
in E:\server\domains\yii-e-books\protected\controllers\CourseController.php (97)
in E:\server\domains\yii-e-books\index.php (13)
2015/07/12 14:29:52 [warning] [application] Failed to set unsafe attribute "description" of "Course".
in E:\server\domains\yii-e-books\protected\controllers\CourseController.php (97)
in E:\server\domains\yii-e-books\index.php (13)
2015/07/12 14:33:06 [warning] [application] Failed to set unsafe attribute "org" of "Course".
in E:\server\domains\yii-e-books\protected\controllers\CourseController.php (98)
in E:\server\domains\yii-e-books\index.php (13)
2015/07/12 14:33:06 [warning] [application] Failed to set unsafe attribute "source" of "Course".
in E:\server\domains\yii-e-books\protected\controllers\CourseController.php (98)
in E:\server\domains\yii-e-books\index.php (13)
2015/07/12 14:33:06 [warning] [application] Failed to set unsafe attribute "description" of "Course".
in E:\server\domains\yii-e-books\protected\controllers\CourseController.php (98)
in E:\server\domains\yii-e-books\index.php (13)
2015/07/12 14:33:13 [warning] [application] Failed to set unsafe attribute "org" of "Course".
in E:\server\domains\yii-e-books\protected\controllers\CourseController.php (98)
in E:\server\domains\yii-e-books\index.php (13)
2015/07/12 14:33:13 [warning] [application] Failed to set unsafe attribute "source" of "Course".
in E:\server\domains\yii-e-books\protected\controllers\CourseController.php (98)
in E:\server\domains\yii-e-books\index.php (13)
2015/07/12 14:33:13 [warning] [application] Failed to set unsafe attribute "description" of "Course".
in E:\server\domains\yii-e-books\protected\controllers\CourseController.php (98)
in E:\server\domains\yii-e-books\index.php (13)
2015/07/12 14:33:40 [warning] [application] Failed to set unsafe attribute "org" of "Course".
in E:\server\domains\yii-e-books\protected\controllers\CourseController.php (98)
in E:\server\domains\yii-e-books\index.php (13)
2015/07/12 14:33:40 [warning] [application] Failed to set unsafe attribute "source" of "Course".
in E:\server\domains\yii-e-books\protected\controllers\CourseController.php (98)
in E:\server\domains\yii-e-books\index.php (13)
2015/07/12 14:33:40 [warning] [application] Failed to set unsafe attribute "description" of "Course".
in E:\server\domains\yii-e-books\protected\controllers\CourseController.php (98)
in E:\server\domains\yii-e-books\index.php (13)
2015/07/12 14:33:45 [warning] [application] Failed to set unsafe attribute "org" of "Course".
in E:\server\domains\yii-e-books\protected\controllers\CourseController.php (98)
in E:\server\domains\yii-e-books\index.php (13)
2015/07/12 14:33:45 [warning] [application] Failed to set unsafe attribute "source" of "Course".
in E:\server\domains\yii-e-books\protected\controllers\CourseController.php (98)
in E:\server\domains\yii-e-books\index.php (13)
2015/07/12 14:33:45 [warning] [application] Failed to set unsafe attribute "description" of "Course".
in E:\server\domains\yii-e-books\protected\controllers\CourseController.php (98)
in E:\server\domains\yii-e-books\index.php (13)
2015/07/12 19:05:15 [warning] [application] Failed to set unsafe attribute "org" of "Course".
in E:\server\domains\yii-e-books\protected\controllers\CourseController.php (74)
in E:\server\domains\yii-e-books\index.php (13)
2015/07/12 19:05:15 [warning] [application] Failed to set unsafe attribute "source" of "Course".
in E:\server\domains\yii-e-books\protected\controllers\CourseController.php (74)
in E:\server\domains\yii-e-books\index.php (13)
2015/07/12 19:05:15 [warning] [application] Failed to set unsafe attribute "description" of "Course".
in E:\server\domains\yii-e-books\protected\controllers\CourseController.php (74)
in E:\server\domains\yii-e-books\index.php (13)
2015/07/12 19:13:46 [error] [php] include(description.php): failed to open stream: No such file or directory (E:\server\domains\yii-e-books\framework\YiiBase.php:432)
Stack trace:
#0 unknown(0): spl_autoload_call()
#1 E:\server\domains\yii-e-books\framework\YiiBase.php(303): class_exists()
#2 E:\server\domains\yii-e-books\framework\validators\CValidator.php(174): import()
#3 E:\server\domains\yii-e-books\framework\base\CModel.php(287): createValidator()
#4 E:\server\domains\yii-e-books\framework\base\CModel.php(260): Course->createValidators()
#5 E:\server\domains\yii-e-books\framework\base\CModel.php(304): Course->getValidators()
#6 E:\server\domains\yii-e-books\framework\web\helpers\CHtml.php(1513): Course->isAttributeRequired()
#7 E:\server\domains\yii-e-books\framework\web\widgets\CActiveForm.php(600): activeLabelEx()
#8 E:\server\domains\yii-e-books\protected\views\course\_form.php(23): CActiveForm->labelEx()
#9 E:\server\domains\yii-e-books\framework\web\CBaseController.php(126): require()
#10 E:\server\domains\yii-e-books\framework\web\CBaseController.php(95): CourseController->renderInternal()
#11 E:\server\domains\yii-e-books\framework\web\CController.php(869): CourseController->renderFile()
#12 E:\server\domains\yii-e-books\protected\views\course\update.php(21): CourseController->renderPartial()
#13 E:\server\domains\yii-e-books\framework\web\CBaseController.php(126): require()
#14 E:\server\domains\yii-e-books\framework\web\CBaseController.php(95): CourseController->renderInternal()
#15 E:\server\domains\yii-e-books\framework\web\CController.php(869): CourseController->renderFile()
#16 E:\server\domains\yii-e-books\framework\web\CController.php(782): CourseController->renderPartial()
#17 E:\server\domains\yii-e-books\protected\controllers\CourseController.php(106): CourseController->render()
#18 unknown(0): CourseController->actionUpdate()
#19 E:\server\domains\yii-e-books\framework\web\actions\CAction.php(109): ReflectionMethod->invokeArgs()
#20 E:\server\domains\yii-e-books\framework\web\actions\CInlineAction.php(47): CInlineAction->runWithParamsInternal()
#21 E:\server\domains\yii-e-books\framework\web\CController.php(308): CInlineAction->runWithParams()
#22 E:\server\domains\yii-e-books\framework\web\filters\CFilterChain.php(133): CourseController->runAction()
#23 E:\server\domains\yii-e-books\framework\web\filters\CFilter.php(40): CFilterChain->run()
#24 E:\server\domains\yii-e-books\framework\web\CController.php(1145): CAccessControlFilter->filter()
#25 E:\server\domains\yii-e-books\framework\web\filters\CInlineFilter.php(58): CourseController->filterAccessControl()
#26 E:\server\domains\yii-e-books\framework\web\filters\CFilterChain.php(130): CInlineFilter->filter()
#27 E:\server\domains\yii-e-books\framework\web\CController.php(291): CFilterChain->run()
#28 E:\server\domains\yii-e-books\framework\web\CController.php(265): CourseController->runActionWithFilters()
#29 E:\server\domains\yii-e-books\framework\web\CWebApplication.php(282): CourseController->run()
#30 E:\server\domains\yii-e-books\framework\web\CWebApplication.php(141): CWebApplication->runController()
#31 E:\server\domains\yii-e-books\framework\base\CApplication.php(184): CWebApplication->processRequest()
#32 E:\server\domains\yii-e-books\index.php(13): CWebApplication->run()
REQUEST_URI=/index.php/course/update/40
in E:\server\domains\yii-e-books\protected\views\course\_form.php (23)
in E:\server\domains\yii-e-books\protected\views\course\update.php (21)
in E:\server\domains\yii-e-books\protected\controllers\CourseController.php (106)
2015/07/12 19:19:10 [error] [exception.CHttpException.403] exception 'CHttpException' with message 'You are not authorized to perform this action.' in E:\server\domains\yii-e-books\framework\web\auth\CAccessControlFilter.php:182
Stack trace:
#0 E:\server\domains\yii-e-books\framework\web\auth\CAccessControlFilter.php(145): CAccessControlFilter->accessDenied(Object(WebUser), 'You are not aut...')
#1 E:\server\domains\yii-e-books\framework\web\filters\CFilter.php(38): CAccessControlFilter->preFilter(Object(CFilterChain))
#2 E:\server\domains\yii-e-books\framework\web\CController.php(1145): CFilter->filter(Object(CFilterChain))
#3 E:\server\domains\yii-e-books\framework\web\filters\CInlineFilter.php(58): CController->filterAccessControl(Object(CFilterChain))
#4 E:\server\domains\yii-e-books\framework\web\filters\CFilterChain.php(130): CInlineFilter->filter(Object(CFilterChain))
#5 E:\server\domains\yii-e-books\framework\web\CController.php(291): CFilterChain->run()
#6 E:\server\domains\yii-e-books\framework\web\CController.php(265): CController->runActionWithFilters(Object(CInlineAction), Array)
#7 E:\server\domains\yii-e-books\framework\web\CWebApplication.php(282): CController->run('admin')
#8 E:\server\domains\yii-e-books\framework\web\CWebApplication.php(141): CWebApplication->runController('course/admin')
#9 E:\server\domains\yii-e-books\framework\base\CApplication.php(184): CWebApplication->processRequest()
#10 E:\server\domains\yii-e-books\index.php(13): CApplication->run()
#11 {main}
REQUEST_URI=/index.php/course/admin
HTTP_REFERER=http://yii-e-books/index.php/course/40
---
2015/07/12 20:52:09 [error] [exception.CDbException] exception 'CDbException' with message 'Active record "Lecture" has an invalid configuration for relation "course". It must specify the relation type, the related active record class and the foreign key.' in E:\server\domains\yii-e-books\framework\db\ar\CActiveRecord.php:2434
Stack trace:
#0 E:\server\domains\yii-e-books\framework\db\ar\CActiveRecord.php(2413): CActiveRecordMetaData->addRelation('course', '')
#1 E:\server\domains\yii-e-books\framework\db\ar\CActiveRecord.php(411): CActiveRecordMetaData->__construct(Object(Lecture))
#2 E:\server\domains\yii-e-books\framework\db\ar\CActiveRecord.php(661): CActiveRecord->getMetaData()
#3 E:\server\domains\yii-e-books\framework\db\ar\CActiveFinder.php(386): CActiveRecord->getTableSchema()
#4 E:\server\domains\yii-e-books\framework\db\ar\CActiveFinder.php(281): CJoinElement->__construct(Object(CActiveFinder), Object(CManyManyRelation), Object(CJoinElement), 1)
#5 E:\server\domains\yii-e-books\framework\db\ar\CActiveFinder.php(48): CActiveFinder->buildJoinTree(Object(CJoinElement), 'lectures')
#6 E:\server\domains\yii-e-books\framework\db\ar\CActiveRecord.php(912): CActiveFinder->__construct(Object(Course), 'lectures')
#7 E:\server\domains\yii-e-books\framework\db\ar\CActiveRecord.php(280): CActiveRecord->getActiveFinder('lectures')
#8 E:\server\domains\yii-e-books\framework\db\ar\CActiveRecord.php(143): CActiveRecord->getRelated('lectures')
#9 E:\server\domains\yii-e-books\protected\controllers\CourseController.php(126): CActiveRecord->__get('lectures')
#10 E:\server\domains\yii-e-books\framework\web\actions\CInlineAction.php(49): CourseController->actionIndex()
#11 E:\server\domains\yii-e-books\framework\web\CController.php(308): CInlineAction->runWithParams(Array)
#12 E:\server\domains\yii-e-books\framework\web\filters\CFilterChain.php(133): CController->runAction(Object(CInlineAction))
#13 E:\server\domains\yii-e-books\framework\web\filters\CFilter.php(40): CFilterChain->run()
#14 E:\server\domains\yii-e-books\framework\web\CController.php(1145): CFilter->filter(Object(CFilterChain))
#15 E:\server\domains\yii-e-books\framework\web\filters\CInlineFilter.php(58): CController->filterAccessControl(Object(CFilterChain))
#16 E:\server\domains\yii-e-books\framework\web\filters\CFilterChain.php(130): CInlineFilter->filter(Object(CFilterChain))
#17 E:\server\domains\yii-e-books\framework\web\CController.php(291): CFilterChain->run()
#18 E:\server\domains\yii-e-books\framework\web\CController.php(265): CController->runActionWithFilters(Object(CInlineAction), Array)
#19 E:\server\domains\yii-e-books\framework\web\CWebApplication.php(282): CController->run('')
#20 E:\server\domains\yii-e-books\framework\web\CWebApplication.php(141): CWebApplication->runController('course')
#21 E:\server\domains\yii-e-books\framework\base\CApplication.php(184): CWebApplication->processRequest()
#22 E:\server\domains\yii-e-books\index.php(13): CApplication->run()
#23 {main}
REQUEST_URI=/index.php/course
---
2015/07/12 20:52:13 [error] [exception.CDbException] exception 'CDbException' with message 'Active record "Lecture" has an invalid configuration for relation "course". It must specify the relation type, the related active record class and the foreign key.' in E:\server\domains\yii-e-books\framework\db\ar\CActiveRecord.php:2434
Stack trace:
#0 E:\server\domains\yii-e-books\framework\db\ar\CActiveRecord.php(2413): CActiveRecordMetaData->addRelation('course', '')
#1 E:\server\domains\yii-e-books\framework\db\ar\CActiveRecord.php(411): CActiveRecordMetaData->__construct(Object(Lecture))
#2 E:\server\domains\yii-e-books\framework\db\ar\CActiveRecord.php(661): CActiveRecord->getMetaData()
#3 E:\server\domains\yii-e-books\framework\db\ar\CActiveFinder.php(386): CActiveRecord->getTableSchema()
#4 E:\server\domains\yii-e-books\framework\db\ar\CActiveFinder.php(281): CJoinElement->__construct(Object(CActiveFinder), Object(CManyManyRelation), Object(CJoinElement), 1)
#5 E:\server\domains\yii-e-books\framework\db\ar\CActiveFinder.php(48): CActiveFinder->buildJoinTree(Object(CJoinElement), 'lectures')
#6 E:\server\domains\yii-e-books\framework\db\ar\CActiveRecord.php(912): CActiveFinder->__construct(Object(Course), 'lectures')
#7 E:\server\domains\yii-e-books\framework\db\ar\CActiveRecord.php(280): CActiveRecord->getActiveFinder('lectures')
#8 E:\server\domains\yii-e-books\framework\db\ar\CActiveRecord.php(143): CActiveRecord->getRelated('lectures')
#9 E:\server\domains\yii-e-books\protected\controllers\CourseController.php(126): CActiveRecord->__get('lectures')
#10 E:\server\domains\yii-e-books\framework\web\actions\CInlineAction.php(49): CourseController->actionIndex()
#11 E:\server\domains\yii-e-books\framework\web\CController.php(308): CInlineAction->runWithParams(Array)
#12 E:\server\domains\yii-e-books\framework\web\filters\CFilterChain.php(133): CController->runAction(Object(CInlineAction))
#13 E:\server\domains\yii-e-books\framework\web\filters\CFilter.php(40): CFilterChain->run()
#14 E:\server\domains\yii-e-books\framework\web\CController.php(1145): CFilter->filter(Object(CFilterChain))
#15 E:\server\domains\yii-e-books\framework\web\filters\CInlineFilter.php(58): CController->filterAccessControl(Object(CFilterChain))
#16 E:\server\domains\yii-e-books\framework\web\filters\CFilterChain.php(130): CInlineFilter->filter(Object(CFilterChain))
#17 E:\server\domains\yii-e-books\framework\web\CController.php(291): CFilterChain->run()
#18 E:\server\domains\yii-e-books\framework\web\CController.php(265): CController->runActionWithFilters(Object(CInlineAction), Array)
#19 E:\server\domains\yii-e-books\framework\web\CWebApplication.php(282): CController->run('')
#20 E:\server\domains\yii-e-books\framework\web\CWebApplication.php(141): CWebApplication->runController('course')
#21 E:\server\domains\yii-e-books\framework\base\CApplication.php(184): CWebApplication->processRequest()
#22 E:\server\domains\yii-e-books\index.php(13): CApplication->run()
#23 {main}
REQUEST_URI=/index.php/course
---
